Info 0    [19:30:51.676] Starting TS Server
Info 1    [19:30:51.676] Version: 5.2.2
Info 2    [19:30:51.676] Arguments: /opt/nvm/versions/node/v20.5.1/bin/node /disk/frontend/node_modules/typescript/lib/tsserver.js --useInferredProjectPerProjectRoot --cancellationPipeName /tmp/6ebe44d5b454863abecf16cc0d3bfad9/tscancellation* --logVerbosity verbose --logFile /disk/frontend/.log/tsserver-log-Z5EtDO/tsserver.log --locale en --validateDefaultNpmLocation --useNodeIpc
Info 3    [19:30:51.676] Platform: linux NodeVersion: v20.5.1 CaseSensitive: true
Info 4    [19:30:51.676] ServerMode: undefined hasUnknownServerMode: undefined
Info 5    [19:30:51.686] Binding...
Info 6    [19:30:51.706] request:
    {
      "seq": 0,
      "type": "request",
      "command": "configure",
      "arguments": {
        "hostInfo": "Databutton",
        "formatOptions": {
          "newLineCharacter": "\n"
        },
        "preferences": {
          "allowIncompleteCompletions": true,
          "allowRenameOfImportPath": true,
          "allowTextChangesInNewFiles": true,
          "disableLineTextInReferences": true,
          "disableSuggestions": false,
          "displayPartsForJSDoc": true,
          "excludeLibrarySymbolsInNavTo": true,
          "generateReturnInDocTemplate": true,
          "importModuleSpecifierEnding": "auto",
          "importModuleSpecifierPreference": "shortest",
          "includeAutomaticOptionalChainCompletions": true,
          "includeCompletionsForImportStatements": true,
          "includeCompletionsForModuleExports": true,
          "includeCompletionsWithClassMemberSnippets": true,
          "includeCompletionsWithInsertText": true,
          "includeCompletionsWithObjectLiteralMethodSnippets": true,
          "includeCompletionsWithSnippetText": true,
          "includeInlayEnumMemberValueHints": false,
          "includeInlayFunctionLikeReturnTypeHints": false,
          "includeInlayFunctionParameterTypeHints": false,
          "includeInlayParameterNameHints": "none",
          "includeInlayParameterNameHintsWhenArgumentMatchesName": false,
          "includeInlayPropertyDeclarationTypeHints": false,
          "includeInlayVariableTypeHints": false,
          "includeInlayVariableTypeHintsWhenTypeMatchesName": false,
          "includePackageJsonAutoImports": "auto",
          "interactiveInlayHints": true,
          "jsxAttributeCompletionStyle": "auto",
          "lazyConfiguredProjectsFromExternalProject": false,
          "organizeImportsAccentCollation": true,
          "organizeImportsCaseFirst": false,
          "organizeImportsCollation": "ordinal",
          "organizeImportsCollationLocale": "en",
          "organizeImportsIgnoreCase": "auto",
          "organizeImportsNumericCollation": false,
          "providePrefixAndSuffixTextForRename": true,
          "provideRefactorNotApplicableReason": true,
          "quotePreference": "auto"
        }
      }
    }
Info 7    [19:30:51.706] Host information Databutton
Info 8    [19:30:51.706] Format host information updated
Info 9    [19:30:51.706] response:
    {"seq":0,"type":"response","command":"configure","request_seq":0,"success":true}
Perf 10   [19:30:51.707] 0::configure: async elapsed time (in milliseconds) 1.0585
Info 11   [19:30:51.707] request:
    {
      "seq": 1,
      "type": "request",
      "command": "compilerOptionsForInferredProjects",
      "arguments": {
        "options": {
          "module": "ESNext",
          "moduleResolution": "Node",
          "target": "ES2020",
          "jsx": "React",
          "allowImportingTsExtensions": true,
          "strictNullChecks": true,
          "strictFunctionTypes": true,
          "sourceMap": true,
          "allowJs": true,
          "allowNonTsExtensions": true,
          "allowSyntheticDefaultImports": true,
          "resolveJsonModule": true
        }
      }
    }
Perf 12   [19:30:51.712] 1::compilerOptionsForInferredProjects: elapsed time (in milliseconds) 5.8581
Info 13   [19:30:51.713] response:
    {"seq":0,"type":"response","command":"compilerOptionsForInferredProjects","request_seq":1,"success":true,"body":true}
Info 14   [19:30:51.713] request:
    {
      "seq": 2,
      "type": "request",
      "command": "open",
      "arguments": {
        "file": "/disk/frontend/src/components/CodeHighlight.tsx",
        "fileContent": "import { useEffect, useRef } from 'react';\nimport Prism from 'prismjs';\n\n// Import core Prism CSS\nimport 'prismjs/themes/prism-tomorrow.css';\n\n// Import common languages\nimport 'prismjs/components/prism-typescript';\nimport 'prismjs/components/prism-javascript';\nimport 'prismjs/components/prism-jsx';\nimport 'prismjs/components/prism-tsx';\nimport 'prismjs/components/prism-python';\nimport 'prismjs/components/prism-json';\nimport 'prismjs/components/prism-css';\nimport 'prismjs/components/prism-scss';\nimport 'prismjs/components/prism-markdown';\nimport 'prismjs/components/prism-yaml';\nimport 'prismjs/components/prism-sql';\nimport 'prismjs/components/prism-bash';\n\ninterface Props {\n  code: string;\n  language: string;\n  showLineNumbers?: boolean;\n  className?: string;\n}\n\n/**\n * Syntax highlighting component using Prism.js\n * Vite-compatible and lightweight\n */\nexport const CodeHighlight = ({ code, language, showLineNumbers = false, className = '' }: Props) => {\n  const codeRef = useRef<HTMLElement>(null);\n\n  useEffect(() => {\n    if (codeRef.current) {\n      Prism.highlightElement(codeRef.current);\n    }\n  }, [code, language]);\n\n  const languageClass = `language-${language}`;\n\n  return (\n    <pre className={`${showLineNumbers ? 'line-numbers' : ''} ${className}`}>\n      <code ref={codeRef} className={languageClass}>\n        {code}\n      </code>\n    </pre>\n  );\n};\n",
        "scriptKindName": "TSX",
        "projectRootPath": "/disk/frontend"
      }
    }
Info 15   [19:30:51.713] Search path: /disk/frontend/src/components
Info 16   [19:30:51.714] For info: /disk/frontend/src/components/CodeHighlight.tsx :: Config file name: /disk/frontend/tsconfig.json
Info 17   [19:30:51.714] Creating configuration project /disk/frontend/tsconfig.json
Info 18   [19:30:51.724] FileWatcher:: Added:: WatchInfo: /disk/frontend/tsconfig.json 2000 undefined Project: /disk/frontend/tsconfig.json WatchType: Config file
Info 19   [19:30:51.726] event:
    {"seq":0,"type":"event","event":"projectLoadingStart","body":{"projectName":"/disk/frontend/tsconfig.json","reason":"Creating possible configured project for /disk/frontend/src/components/CodeHighlight.tsx to open"}}
Info 20   [19:30:51.784] Config: /disk/frontend/tsconfig.json : {
 "rootNames": [
  "/disk/frontend/src/AppWrapper.tsx",
  "/disk/frontend/src/constants.ts",
  "/disk/frontend/src/main.tsx",
  "/disk/frontend/src/router.tsx",
  "/disk/frontend/src/user-routes.tsx",
  "/disk/frontend/src/vite-env.d.ts",
  "/disk/frontend/src/apiclient/index.ts",
  "/disk/frontend/src/app/index.ts",
  "/disk/frontend/src/app/auth/LoginRedirect.tsx",
  "/disk/frontend/src/app/auth/StackHandlerRoutes.tsx",
  "/disk/frontend/src/app/auth/UserGuard.tsx",
  "/disk/frontend/src/app/auth/auth.ts",
  "/disk/frontend/src/app/auth/config.ts",
  "/disk/frontend/src/app/auth/index.ts",
  "/disk/frontend/src/app/auth/stack.ts",
  "/disk/frontend/src/app/auth/utils.ts",
  "/disk/frontend/src/brain/index.ts",
  "/disk/frontend/src/components/AppProvider.tsx",
  "/disk/frontend/src/components/ChatHistory.tsx",
  "/disk/frontend/src/components/ChatInput.tsx",
  "/disk/frontend/src/components/ChatMessage.tsx",
  "/disk/frontend/src/components/ChatPanel.tsx",
  "/disk/frontend/src/components/CodeEditor.tsx",
  "/disk/frontend/src/components/CodeHighlight.tsx",
  "/disk/frontend/src/components/CodePreview.tsx",
  "/disk/frontend/src/components/CodeView.tsx",
  "/disk/frontend/src/components/ErrorPanel.tsx",
  "/disk/frontend/src/components/FileTree.tsx",
  "/disk/frontend/src/components/PreviewPanel.tsx",
  "/disk/frontend/src/components/TaskBoard.tsx",
  "/disk/frontend/src/constants/default-theme.ts",
  "/disk/frontend/src/dev-components/Beacon.tsx",
  "/disk/frontend/src/dev-components/DevErrorPage.tsx",
  "/disk/frontend/src/dev-components/InternalErrorBoundary.tsx",
  "/disk/frontend/src/dev-components/UserErrorBoundary.tsx",
  "/disk/frontend/src/extensions/shadcn/components/accordion.tsx",
  "/disk/frontend/src/extensions/shadcn/components/alert-dialog.tsx",
  "/disk/frontend/src/extensions/shadcn/components/alert.tsx",
  "/disk/frontend/src/extensions/shadcn/components/aspect-ratio.tsx",
  "/disk/frontend/src/extensions/shadcn/components/avatar.tsx",
  "/disk/frontend/src/extensions/shadcn/components/badge.tsx",
  "/disk/frontend/src/extensions/shadcn/components/breadcrumb.tsx",
  "/disk/frontend/src/extensions/shadcn/components/button.tsx",
  "/disk/frontend/src/extensions/shadcn/components/calendar.tsx",
  "/disk/frontend/src/extensions/shadcn/components/card.tsx",
  "/disk/frontend/src/extensions/shadcn/components/carousel.tsx",
  "/disk/frontend/src/extensions/shadcn/components/chart.tsx",
  "/disk/frontend/src/extensions/shadcn/components/checkbox.tsx",
  "/disk/frontend/src/extensions/shadcn/components/collapsible.tsx",
  "/disk/frontend/src/extensions/shadcn/components/command.tsx",
  "/disk/frontend/src/extensions/shadcn/components/context-menu.tsx",
  "/disk/frontend/src/extensions/shadcn/components/dialog.tsx",
  "/disk/frontend/src/extensions/shadcn/components/drawer.tsx",
  "/disk/frontend/src/extensions/shadcn/components/dropdown-menu.tsx",
  "/disk/frontend/src/extensions/shadcn/components/form.tsx",
  "/disk/frontend/src/extensions/shadcn/components/hover-card.tsx",
  "/disk/frontend/src/extensions/shadcn/components/input-otp.tsx",
  "/disk/frontend/src/extensions/shadcn/components/input.tsx",
  "/disk/frontend/src/extensions/shadcn/components/label.tsx",
  "/disk/frontend/src/extensions/shadcn/components/menubar.tsx",
  "/disk/frontend/src/extensions/shadcn/components/navigation-menu.tsx",
  "/disk/frontend/src/extensions/shadcn/components/pagination.tsx",
  "/disk/frontend/src/extensions/shadcn/components/popover.tsx",
  "/disk/frontend/src/extensions/shadcn/components/progress.tsx",
  "/disk/frontend/src/extensions/shadcn/components/radio-group.tsx",
  "/disk/frontend/src/extensions/shadcn/components/resizable.tsx",
  "/disk/frontend/src/extensions/shadcn/components/scroll-area.tsx",
  "/disk/frontend/src/extensions/shadcn/components/select.tsx",
  "/disk/frontend/src/extensions/shadcn/components/separator.tsx",
  "/disk/frontend/src/extensions/shadcn/components/sheet.tsx",
  "/disk/frontend/src/extensions/shadcn/components/skeleton.tsx",
  "/disk/frontend/src/extensions/shadcn/components/slider.tsx",
  "/disk/frontend/src/extensions/shadcn/components/sonner.tsx",
  "/disk/frontend/src/extensions/shadcn/components/switch.tsx",
  "/disk/frontend/src/extensions/shadcn/components/table.tsx",
  "/disk/frontend/src/extensions/shadcn/components/tabs.tsx",
  "/disk/frontend/src/extensions/shadcn/components/textarea.tsx",
  "/disk/frontend/src/extensions/shadcn/components/toast.tsx",
  "/disk/frontend/src/extensions/shadcn/components/toaster.tsx",
  "/disk/frontend/src/extensions/shadcn/components/toggle-group.tsx",
  "/disk/frontend/src/extensions/shadcn/components/toggle.tsx",
  "/disk/frontend/src/extensions/shadcn/components/tooltip.tsx",
  "/disk/frontend/src/extensions/shadcn/hooks/use-theme.ts",
  "/disk/frontend/src/extensions/shadcn/hooks/use-toast.ts",
  "/disk/frontend/src/internal-components/DevTools.tsx",
  "/disk/frontend/src/internal-components/Head.tsx",
  "/disk/frontend/src/internal-components/ThemeProvider.tsx",
  "/disk/frontend/src/internal-hooks/useBeacon.ts",
  "/disk/frontend/src/internal-hooks/useHMR.ts",
  "/disk/frontend/src/internal-hooks/usePageChangeListener.ts",
  "/disk/frontend/src/internal-utils/app-utils.ts",
  "/disk/frontend/src/internal-utils/cloning-utils.ts",
  "/disk/frontend/src/internal-utils/iframe-utils.ts",
  "/disk/frontend/src/layout/Cell.tsx",
  "/disk/frontend/src/layout/Grid.tsx",
  "/disk/frontend/src/lib/utils.ts",
  "/disk/frontend/src/pages/AIChatWorkspace.tsx",
  "/disk/frontend/src/pages/App.tsx",
  "/disk/frontend/src/pages/NotFoundPage.tsx",
  "/disk/frontend/src/pages/Projects.tsx",
  "/disk/frontend/src/pages/SomethingWentWrongPage.tsx",
  "/disk/frontend/src/pages/TestAgentTools.tsx",
  "/disk/frontend/src/pages/TestPreviewBuild.tsx",
  "/disk/frontend/src/pages/brain.ts",
  "/disk/frontend/src/polyfills/react-polyfill.ts",
  "/disk/frontend/src/prod-components/OuterErrorBoundary.tsx",
  "/disk/frontend/src/prod-components/ProdErrorPage.tsx",
  "/disk/frontend/src/prod-components/SuspenseWrapper.tsx",
  "/disk/frontend/src/utils/cn.ts",
  "/disk/frontend/src/utils/workspaceStore.ts"
 ],
 "options": {
  "target": 99,
  "useDefineForClassFields": true,
  "lib": [
   "lib.dom.d.ts",
   "lib.dom.iterable.d.ts",
   "lib.esnext.d.ts"
  ],
  "allowJs": true,
  "skipLibCheck": true,
  "esModuleInterop": false,
  "allowSyntheticDefaultImports": true,
  "allowImportingTsExtensions": true,
  "strict": false,
  "forceConsistentCasingInFileNames": true,
  "module": 99,
  "moduleResolution": 2,
  "resolveJsonModule": true,
  "isolatedModules": false,
  "noEmit": true,
  "jsx": 4,
  "baseUrl": "/disk/frontend",
  "paths": {
   "brain": [
    "./src/brain"
   ],
   "types": [
    "./src/apiclient/data-contracts.ts"
   ],
   "components/*": [
    "./src/components/*"
   ],
   "pages/*": [
    "./src/pages/*"
   ],
   "app": [
    "./src/app"
   ],
   "app/auth": [
    "./src/app/auth"
   ],
   "utils/*": [
    "./src/utils/*"
   ],
   "@/*": [
    "./src/*"
   ],
   "@/hooks/*": [
    "./src/extensions/shadcn/hooks/*"
   ],
   "@/components/hooks/*": [
    "./src/extensions/shadcn/hooks/*"
   ],
   "@/components/ui/*": [
    "./src/extensions/shadcn/components/*"
   ]
  },
  "pathsBasePath": "/disk/frontend",
  "configFilePath": "/disk/frontend/tsconfig.json"
 },
 "projectReferences": [
  {
   "path": "/disk/frontend/tsconfig.node.json",
   "originalPath": "./tsconfig.node.json"
  }
 ]
}
Info 21   [19:30:51.788] DirectoryWatcher:: Added:: WatchInfo: /disk/frontend/src 1 undefined Config: /disk/frontend/tsconfig.json WatchType: Wild card directory
Info 22   [19:30:51.800] Elapsed:: 11.617477998137474ms DirectoryWatcher:: Added:: WatchInfo: /disk/frontend/src 1 undefined Config: /disk/frontend/tsconfig.json WatchType: Wild card directory
Info 23   [19:30:51.800] FileWatcher:: Added:: WatchInfo: /disk/frontend/src/AppWrapper.tsx 500 undefined WatchType: Closed Script info
Info 24   [19:30:51.801] FileWatcher:: Added:: WatchInfo: /disk/frontend/src/constants.ts 500 undefined WatchType: Closed Script info
Info 25   [19:30:51.801] FileWatcher:: Added:: WatchInfo: /disk/frontend/src/main.tsx 500 undefined WatchType: Closed Script info
Info 26   [19:30:51.801] FileWatcher:: Added:: WatchInfo: /disk/frontend/src/router.tsx 500 undefined WatchType: Closed Script info
Info 27   [19:30:51.801] FileWatcher:: Added:: WatchInfo: /disk/frontend/src/user-routes.tsx 500 undefined WatchType: Closed Script info
Info 28   [19:30:51.801] FileWatcher:: Added:: WatchInfo: /disk/frontend/src/vite-env.d.ts 500 undefined WatchType: Closed Script info
Info 29   [19:30:51.801] FileWatcher:: Added:: WatchInfo: /disk/frontend/src/apiclient/index.ts 500 undefined WatchType: Closed Script info
Info 30   [19:30:51.801] FileWatcher:: Added:: WatchInfo: /disk/frontend/src/app/index.ts 500 undefined WatchType: Closed Script info
Info 31   [19:30:51.802] FileWatcher:: Added:: WatchInfo: /disk/frontend/src/app/auth/LoginRedirect.tsx 500 undefined WatchType: Closed Script info
Info 32   [19:30:51.802] FileWatcher:: Added:: WatchInfo: /disk/frontend/src/app/auth/StackHandlerRoutes.tsx 500 undefined WatchType: Closed Script info
Info 33   [19:30:51.802] FileWatcher:: Added:: WatchInfo: /disk/frontend/src/app/auth/UserGuard.tsx 500 undefined WatchType: Closed Script info
Info 34   [19:30:51.802] FileWatcher:: Added:: WatchInfo: /disk/frontend/src/app/auth/auth.ts 500 undefined WatchType: Closed Script info
Info 35   [19:30:51.802] FileWatcher:: Added:: WatchInfo: /disk/frontend/src/app/auth/config.ts 500 undefined WatchType: Closed Script info
Info 36   [19:30:51.802] FileWatcher:: Added:: WatchInfo: /disk/frontend/src/app/auth/index.ts 500 undefined WatchType: Closed Script info
Info 37   [19:30:51.802] FileWatcher:: Added:: WatchInfo: /disk/frontend/src/app/auth/stack.ts 500 undefined WatchType: Closed Script info
Info 38   [19:30:51.803] FileWatcher:: Added:: WatchInfo: /disk/frontend/src/app/auth/utils.ts 500 undefined WatchType: Closed Script info
Info 39   [19:30:51.803] FileWatcher:: Added:: WatchInfo: /disk/frontend/src/brain/index.ts 500 undefined WatchType: Closed Script info
Info 40   [19:30:51.807] FileWatcher:: Added:: WatchInfo: /disk/frontend/src/components/AppProvider.tsx 500 undefined WatchType: Closed Script info
Info 41   [19:30:51.807] FileWatcher:: Added:: WatchInfo: /disk/frontend/src/components/ChatHistory.tsx 500 undefined WatchType: Closed Script info
Info 42   [19:30:51.807] FileWatcher:: Added:: WatchInfo: /disk/frontend/src/components/ChatInput.tsx 500 undefined WatchType: Closed Script info
Info 43   [19:30:51.807] FileWatcher:: Added:: WatchInfo: /disk/frontend/src/components/ChatMessage.tsx 500 undefined WatchType: Closed Script info
Info 44   [19:30:51.807] FileWatcher:: Added:: WatchInfo: /disk/frontend/src/components/ChatPanel.tsx 500 undefined WatchType: Closed Script info
Info 45   [19:30:51.807] FileWatcher:: Added:: WatchInfo: /disk/frontend/src/components/CodeEditor.tsx 500 undefined WatchType: Closed Script info
Info 46   [19:30:51.808] FileWatcher:: Added:: WatchInfo: /disk/frontend/src/components/CodePreview.tsx 500 undefined WatchType: Closed Script info
Info 47   [19:30:51.808] FileWatcher:: Added:: WatchInfo: /disk/frontend/src/components/CodeView.tsx 500 undefined WatchType: Closed Script info
Info 48   [19:30:51.808] FileWatcher:: Added:: WatchInfo: /disk/frontend/src/components/ErrorPanel.tsx 500 undefined WatchType: Closed Script info
Info 49   [19:30:51.808] FileWatcher:: Added:: WatchInfo: /disk/frontend/src/components/FileTree.tsx 500 undefined WatchType: Closed Script info
Info 50   [19:30:51.808] FileWatcher:: Added:: WatchInfo: /disk/frontend/src/components/PreviewPanel.tsx 500 undefined WatchType: Closed Script info
Info 51   [19:30:51.808] FileWatcher:: Added:: WatchInfo: /disk/frontend/src/components/TaskBoard.tsx 500 undefined WatchType: Closed Script info
Info 52   [19:30:51.808] FileWatcher:: Added:: WatchInfo: /disk/frontend/src/constants/default-theme.ts 500 undefined WatchType: Closed Script info
Info 53   [19:30:51.808] FileWatcher:: Added:: WatchInfo: /disk/frontend/src/dev-components/Beacon.tsx 500 undefined WatchType: Closed Script info
Info 54   [19:30:51.808] FileWatcher:: Added:: WatchInfo: /disk/frontend/src/dev-components/DevErrorPage.tsx 500 undefined WatchType: Closed Script info
Info 55   [19:30:51.808] FileWatcher:: Added:: WatchInfo: /disk/frontend/src/dev-components/InternalErrorBoundary.tsx 500 undefined WatchType: Closed Script info
Info 56   [19:30:51.808] FileWatcher:: Added:: WatchInfo: /disk/frontend/src/dev-components/UserErrorBoundary.tsx 500 undefined WatchType: Closed Script info
Info 57   [19:30:51.808] FileWatcher:: Added:: WatchInfo: /disk/frontend/src/extensions/shadcn/components/accordion.tsx 500 undefined WatchType: Closed Script info
Info 58   [19:30:51.808] FileWatcher:: Added:: WatchInfo: /disk/frontend/src/extensions/shadcn/components/alert-dialog.tsx 500 undefined WatchType: Closed Script info
Info 59   [19:30:51.809] FileWatcher:: Added:: WatchInfo: /disk/frontend/src/extensions/shadcn/components/alert.tsx 500 undefined WatchType: Closed Script info
Info 60   [19:30:51.809] FileWatcher:: Added:: WatchInfo: /disk/frontend/src/extensions/shadcn/components/aspect-ratio.tsx 500 undefined WatchType: Closed Script info
Info 61   [19:30:51.809] FileWatcher:: Added:: WatchInfo: /disk/frontend/src/extensions/shadcn/components/avatar.tsx 500 undefined WatchType: Closed Script info
Info 62   [19:30:51.809] FileWatcher:: Added:: WatchInfo: /disk/frontend/src/extensions/shadcn/components/badge.tsx 500 undefined WatchType: Closed Script info
Info 63   [19:30:51.809] FileWatcher:: Added:: WatchInfo: /disk/frontend/src/extensions/shadcn/components/breadcrumb.tsx 500 undefined WatchType: Closed Script info
Info 64   [19:30:51.809] FileWatcher:: Added:: WatchInfo: /disk/frontend/src/extensions/shadcn/components/button.tsx 500 undefined WatchType: Closed Script info
Info 65   [19:30:51.809] FileWatcher:: Added:: WatchInfo: /disk/frontend/src/extensions/shadcn/components/calendar.tsx 500 undefined WatchType: Closed Script info
Info 66   [19:30:51.809] FileWatcher:: Added:: WatchInfo: /disk/frontend/src/extensions/shadcn/components/card.tsx 500 undefined WatchType: Closed Script info
Info 67   [19:30:51.809] FileWatcher:: Added:: WatchInfo: /disk/frontend/src/extensions/shadcn/components/carousel.tsx 500 undefined WatchType: Closed Script info
Info 68   [19:30:51.809] FileWatcher:: Added:: WatchInfo: /disk/frontend/src/extensions/shadcn/components/chart.tsx 500 undefined WatchType: Closed Script info
Info 69   [19:30:51.809] FileWatcher:: Added:: WatchInfo: /disk/frontend/src/extensions/shadcn/components/checkbox.tsx 500 undefined WatchType: Closed Script info
Info 70   [19:30:51.809] FileWatcher:: Added:: WatchInfo: /disk/frontend/src/extensions/shadcn/components/collapsible.tsx 500 undefined WatchType: Closed Script info
Info 71   [19:30:51.809] FileWatcher:: Added:: WatchInfo: /disk/frontend/src/extensions/shadcn/components/command.tsx 500 undefined WatchType: Closed Script info
Info 72   [19:30:51.809] FileWatcher:: Added:: WatchInfo: /disk/frontend/src/extensions/shadcn/components/context-menu.tsx 500 undefined WatchType: Closed Script info
Info 73   [19:30:51.810] FileWatcher:: Added:: WatchInfo: /disk/frontend/src/extensions/shadcn/components/dialog.tsx 500 undefined WatchType: Closed Script info
Info 74   [19:30:51.810] FileWatcher:: Added:: WatchInfo: /disk/frontend/src/extensions/shadcn/components/drawer.tsx 500 undefined WatchType: Closed Script info
Info 75   [19:30:51.810] FileWatcher:: Added:: WatchInfo: /disk/frontend/src/extensions/shadcn/components/dropdown-menu.tsx 500 undefined WatchType: Closed Script info
Info 76   [19:30:51.810] FileWatcher:: Added:: WatchInfo: /disk/frontend/src/extensions/shadcn/components/form.tsx 500 undefined WatchType: Closed Script info
Info 77   [19:30:51.810] FileWatcher:: Added:: WatchInfo: /disk/frontend/src/extensions/shadcn/components/hover-card.tsx 500 undefined WatchType: Closed Script info
Info 78   [19:30:51.810] FileWatcher:: Added:: WatchInfo: /disk/frontend/src/extensions/shadcn/components/input-otp.tsx 500 undefined WatchType: Closed Script info
Info 79   [19:30:51.810] FileWatcher:: Added:: WatchInfo: /disk/frontend/src/extensions/shadcn/components/input.tsx 500 undefined WatchType: Closed Script info
Info 80   [19:30:51.810] FileWatcher:: Added:: WatchInfo: /disk/frontend/src/extensions/shadcn/components/label.tsx 500 undefined WatchType: Closed Script info
Info 81   [19:30:51.810] FileWatcher:: Added:: WatchInfo: /disk/frontend/src/extensions/shadcn/components/menubar.tsx 500 undefined WatchType: Closed Script info
Info 82   [19:30:51.810] FileWatcher:: Added:: WatchInfo: /disk/frontend/src/extensions/shadcn/components/navigation-menu.tsx 500 undefined WatchType: Closed Script info
Info 83   [19:30:51.810] FileWatcher:: Added:: WatchInfo: /disk/frontend/src/extensions/shadcn/components/pagination.tsx 500 undefined WatchType: Closed Script info
Info 84   [19:30:51.810] FileWatcher:: Added:: WatchInfo: /disk/frontend/src/extensions/shadcn/components/popover.tsx 500 undefined WatchType: Closed Script info
Info 85   [19:30:51.810] FileWatcher:: Added:: WatchInfo: /disk/frontend/src/extensions/shadcn/components/progress.tsx 500 undefined WatchType: Closed Script info
Info 86   [19:30:51.810] FileWatcher:: Added:: WatchInfo: /disk/frontend/src/extensions/shadcn/components/radio-group.tsx 500 undefined WatchType: Closed Script info
Info 87   [19:30:51.811] FileWatcher:: Added:: WatchInfo: /disk/frontend/src/extensions/shadcn/components/resizable.tsx 500 undefined WatchType: Closed Script info
Info 88   [19:30:51.811] FileWatcher:: Added:: WatchInfo: /disk/frontend/src/extensions/shadcn/components/scroll-area.tsx 500 undefined WatchType: Closed Script info
Info 89   [19:30:51.811] FileWatcher:: Added:: WatchInfo: /disk/frontend/src/extensions/shadcn/components/select.tsx 500 undefined WatchType: Closed Script info
Info 90   [19:30:51.815] FileWatcher:: Added:: WatchInfo: /disk/frontend/src/extensions/shadcn/components/separator.tsx 500 undefined WatchType: Closed Script info
Info 91   [19:30:51.815] FileWatcher:: Added:: WatchInfo: /disk/frontend/src/extensions/shadcn/components/sheet.tsx 500 undefined WatchType: Closed Script info
Info 92   [19:30:51.815] FileWatcher:: Added:: WatchInfo: /disk/frontend/src/extensions/shadcn/components/skeleton.tsx 500 undefined WatchType: Closed Script info
Info 93   [19:30:51.815] FileWatcher:: Added:: WatchInfo: /disk/frontend/src/extensions/shadcn/components/slider.tsx 500 undefined WatchType: Closed Script info
Info 94   [19:30:51.815] FileWatcher:: Added:: WatchInfo: /disk/frontend/src/extensions/shadcn/components/sonner.tsx 500 undefined WatchType: Closed Script info
Info 95   [19:30:51.815] FileWatcher:: Added:: WatchInfo: /disk/frontend/src/extensions/shadcn/components/switch.tsx 500 undefined WatchType: Closed Script info
Info 96   [19:30:51.815] FileWatcher:: Added:: WatchInfo: /disk/frontend/src/extensions/shadcn/components/table.tsx 500 undefined WatchType: Closed Script info
Info 97   [19:30:51.815] FileWatcher:: Added:: WatchInfo: /disk/frontend/src/extensions/shadcn/components/tabs.tsx 500 undefined WatchType: Closed Script info
Info 98   [19:30:51.815] FileWatcher:: Added:: WatchInfo: /disk/frontend/src/extensions/shadcn/components/textarea.tsx 500 undefined WatchType: Closed Script info
Info 99   [19:30:51.816] FileWatcher:: Added:: WatchInfo: /disk/frontend/src/extensions/shadcn/components/toast.tsx 500 undefined WatchType: Closed Script info
Info 100  [19:30:51.816] FileWatcher:: Added:: WatchInfo: /disk/frontend/src/extensions/shadcn/components/toaster.tsx 500 undefined WatchType: Closed Script info
Info 101  [19:30:51.816] FileWatcher:: Added:: WatchInfo: /disk/frontend/src/extensions/shadcn/components/toggle-group.tsx 500 undefined WatchType: Closed Script info
Info 102  [19:30:51.816] FileWatcher:: Added:: WatchInfo: /disk/frontend/src/extensions/shadcn/components/toggle.tsx 500 undefined WatchType: Closed Script info
Info 103  [19:30:51.816] FileWatcher:: Added:: WatchInfo: /disk/frontend/src/extensions/shadcn/components/tooltip.tsx 500 undefined WatchType: Closed Script info
Info 104  [19:30:51.816] FileWatcher:: Added:: WatchInfo: /disk/frontend/src/extensions/shadcn/hooks/use-theme.ts 500 undefined WatchType: Closed Script info
Info 105  [19:30:51.816] FileWatcher:: Added:: WatchInfo: /disk/frontend/src/extensions/shadcn/hooks/use-toast.ts 500 undefined WatchType: Closed Script info
Info 106  [19:30:51.816] FileWatcher:: Added:: WatchInfo: /disk/frontend/src/internal-components/DevTools.tsx 500 undefined WatchType: Closed Script info
Info 107  [19:30:51.816] FileWatcher:: Added:: WatchInfo: /disk/frontend/src/internal-components/Head.tsx 500 undefined WatchType: Closed Script info
Info 108  [19:30:51.816] FileWatcher:: Added:: WatchInfo: /disk/frontend/src/internal-components/ThemeProvider.tsx 500 undefined WatchType: Closed Script info
Info 109  [19:30:51.816] FileWatcher:: Added:: WatchInfo: /disk/frontend/src/internal-hooks/useBeacon.ts 500 undefined WatchType: Closed Script info
Info 110  [19:30:51.816] FileWatcher:: Added:: WatchInfo: /disk/frontend/src/internal-hooks/useHMR.ts 500 undefined WatchType: Closed Script info
Info 111  [19:30:51.816] FileWatcher:: Added:: WatchInfo: /disk/frontend/src/internal-hooks/usePageChangeListener.ts 500 undefined WatchType: Closed Script info
Info 112  [19:30:51.816] FileWatcher:: Added:: WatchInfo: /disk/frontend/src/internal-utils/app-utils.ts 500 undefined WatchType: Closed Script info
Info 113  [19:30:51.817] FileWatcher:: Added:: WatchInfo: /disk/frontend/src/internal-utils/cloning-utils.ts 500 undefined WatchType: Closed Script info
Info 114  [19:30:51.817] FileWatcher:: Added:: WatchInfo: /disk/frontend/src/internal-utils/iframe-utils.ts 500 undefined WatchType: Closed Script info
Info 115  [19:30:51.817] FileWatcher:: Added:: WatchInfo: /disk/frontend/src/layout/Cell.tsx 500 undefined WatchType: Closed Script info
Info 116  [19:30:51.817] FileWatcher:: Added:: WatchInfo: /disk/frontend/src/layout/Grid.tsx 500 undefined WatchType: Closed Script info
Info 117  [19:30:51.817] FileWatcher:: Added:: WatchInfo: /disk/frontend/src/lib/utils.ts 500 undefined WatchType: Closed Script info
Info 118  [19:30:51.817] FileWatcher:: Added:: WatchInfo: /disk/frontend/src/pages/AIChatWorkspace.tsx 500 undefined WatchType: Closed Script info
Info 119  [19:30:51.817] FileWatcher:: Added:: WatchInfo: /disk/frontend/src/pages/App.tsx 500 undefined WatchType: Closed Script info
Info 120  [19:30:51.817] FileWatcher:: Added:: WatchInfo: /disk/frontend/src/pages/NotFoundPage.tsx 500 undefined WatchType: Closed Script info
Info 121  [19:30:51.817] FileWatcher:: Added:: WatchInfo: /disk/frontend/src/pages/Projects.tsx 500 undefined WatchType: Closed Script info
Info 122  [19:30:51.817] FileWatcher:: Added:: WatchInfo: /disk/frontend/src/pages/SomethingWentWrongPage.tsx 500 undefined WatchType: Closed Script info
Info 123  [19:30:51.817] FileWatcher:: Added:: WatchInfo: /disk/frontend/src/pages/TestAgentTools.tsx 500 undefined WatchType: Closed Script info
Info 124  [19:30:51.817] FileWatcher:: Added:: WatchInfo: /disk/frontend/src/pages/TestPreviewBuild.tsx 500 undefined WatchType: Closed Script info
Info 125  [19:30:51.817] FileWatcher:: Added:: WatchInfo: /disk/frontend/src/pages/brain.ts 500 undefined WatchType: Closed Script info
Info 126  [19:30:51.817] FileWatcher:: Added:: WatchInfo: /disk/frontend/src/polyfills/react-polyfill.ts 500 undefined WatchType: Closed Script info
Info 127  [19:30:51.817] FileWatcher:: Added:: WatchInfo: /disk/frontend/src/prod-components/OuterErrorBoundary.tsx 500 undefined WatchType: Closed Script info
Info 128  [19:30:51.817] FileWatcher:: Added:: WatchInfo: /disk/frontend/src/prod-components/ProdErrorPage.tsx 500 undefined WatchType: Closed Script info
Info 129  [19:30:51.818] FileWatcher:: Added:: WatchInfo: /disk/frontend/src/prod-components/SuspenseWrapper.tsx 500 undefined WatchType: Closed Script info
Info 130  [19:30:51.818] FileWatcher:: Added:: WatchInfo: /disk/frontend/src/utils/cn.ts 500 undefined WatchType: Closed Script info
Info 131  [19:30:51.818] FileWatcher:: Added:: WatchInfo: /disk/frontend/src/utils/workspaceStore.ts 500 undefined WatchType: Closed Script info
Info 132  [19:30:51.895] Starting updateGraphWorker: Project: /disk/frontend/tsconfig.json
Info 133  [19:30:51.914] Config: /disk/frontend/tsconfig.node.json : {
 "rootNames": [
  "/disk/frontend/vite.config.ts",
  "/disk/frontend/server/component-tagger-plugin.ts",
  "/disk/frontend/server/extensions.ts",
  "/disk/frontend/server/hotreload-tracker.ts",
  "/disk/frontend/server/logger.ts",
  "/disk/frontend/server/openapi-spec-handler.ts",
  "/disk/frontend/server/peek-command.ts",
  "/disk/frontend/server/peek.ts",
  "/disk/frontend/server/run-diagnostics.ts",
  "/disk/frontend/server/try-tsc-handler.ts",
  "/disk/frontend/server/utils.ts"
 ],
 "options": {
  "composite": true,
  "target": 99,
  "strict": true,
  "module": 99,
  "allowSyntheticDefaultImports": true,
  "moduleResolution": 2,
  "configFilePath": "/disk/frontend/tsconfig.node.json"
 }
}
Info 134  [19:30:51.914] FileWatcher:: Added:: WatchInfo: /disk/frontend/tsconfig.node.json 2000 undefined Project: /disk/frontend/tsconfig.json WatchType: Config file
Info 135  [19:30:51.914] DirectoryWatcher:: Added:: WatchInfo: /disk/frontend/server 1 undefined Config: /disk/frontend/tsconfig.node.json WatchType: Wild card directory
Info 136  [19:30:51.914] Elapsed:: 0.1288120001554489ms DirectoryWatcher:: Added:: WatchInfo: /disk/frontend/server 1 undefined Config: /disk/frontend/tsconfig.node.json WatchType: Wild card directory
Info 137  [19:30:51.968] DirectoryWatcher:: Added:: WatchInfo: /disk/frontend/src 1 undefined Project: /disk/frontend/tsconfig.json WatchType: Failed Lookup Locations
Info 138  [19:30:51.969] Elapsed:: 0.016912002116441727ms DirectoryWatcher:: Added:: WatchInfo: /disk/frontend/src 1 undefined Project: /disk/frontend/tsconfig.json WatchType: Failed Lookup Locations
Info 139  [19:30:51.982] DirectoryWatcher:: Added:: WatchInfo: /disk/frontend/node_modules 1 undefined WatchType: node_modules for closed script infos and package.jsons affecting module specifier cache
