Info 0    [19:33:38.861] Starting TS Server
Info 1    [19:33:38.862] Version: 5.2.2
Info 2    [19:33:38.862] Arguments: /opt/nvm/versions/node/v20.5.1/bin/node /disk/frontend/node_modules/typescript/lib/tsserver.js --serverMode partialSemantic --useInferredProjectPerProjectRoot --disableAutomaticTypingAcquisition --cancellationPipeName /tmp/6dbdf021dc8c089143bc7e0152005c4f/tscancellation* --logVerbosity verbose --logFile /disk/frontend/.log/tsserver-log-Sc4ttZ/tsserver.log --locale en --validateDefaultNpmLocation --useNodeIpc
Info 3    [19:33:38.862] Platform: linux NodeVersion: v20.5.1 CaseSensitive: true
Info 4    [19:33:38.862] ServerMode: 1 hasUnknownServerMode: undefined
Info 5    [19:33:38.871] request:
    {
      "seq": 0,
      "type": "request",
      "command": "configure",
      "arguments": {
        "hostInfo": "Databutton",
        "formatOptions": {
          "newLineCharacter": "\n"
        },
        "preferences": {
          "allowIncompleteCompletions": true,
          "allowRenameOfImportPath": true,
          "allowTextChangesInNewFiles": true,
          "disableLineTextInReferences": true,
          "disableSuggestions": false,
          "displayPartsForJSDoc": true,
          "excludeLibrarySymbolsInNavTo": true,
          "generateReturnInDocTemplate": true,
          "importModuleSpecifierEnding": "auto",
          "importModuleSpecifierPreference": "shortest",
          "includeAutomaticOptionalChainCompletions": true,
          "includeCompletionsForImportStatements": true,
          "includeCompletionsForModuleExports": true,
          "includeCompletionsWithClassMemberSnippets": true,
          "includeCompletionsWithInsertText": true,
          "includeCompletionsWithObjectLiteralMethodSnippets": true,
          "includeCompletionsWithSnippetText": true,
          "includeInlayEnumMemberValueHints": false,
          "includeInlayFunctionLikeReturnTypeHints": false,
          "includeInlayFunctionParameterTypeHints": false,
          "includeInlayParameterNameHints": "none",
          "includeInlayParameterNameHintsWhenArgumentMatchesName": false,
          "includeInlayPropertyDeclarationTypeHints": false,
          "includeInlayVariableTypeHints": false,
          "includeInlayVariableTypeHintsWhenTypeMatchesName": false,
          "includePackageJsonAutoImports": "auto",
          "interactiveInlayHints": true,
          "jsxAttributeCompletionStyle": "auto",
          "lazyConfiguredProjectsFromExternalProject": false,
          "organizeImportsAccentCollation": true,
          "organizeImportsCaseFirst": false,
          "organizeImportsCollation": "ordinal",
          "organizeImportsCollationLocale": "en",
          "organizeImportsIgnoreCase": "auto",
          "organizeImportsNumericCollation": false,
          "providePrefixAndSuffixTextForRename": true,
          "provideRefactorNotApplicableReason": true,
          "quotePreference": "auto"
        }
      }
    }
Info 6    [19:33:38.871] Host information Databutton
Info 7    [19:33:38.871] Format host information updated
Info 8    [19:33:38.872] response:
    {"seq":0,"type":"response","command":"configure","request_seq":0,"success":true}
Perf 9    [19:33:38.872] 0::configure: async elapsed time (in milliseconds) 1.1078
Info 10   [19:33:52.803] request:
    {
      "seq": 1,
      "type": "request",
      "command": "open",
      "arguments": {
        "file": "/disk/frontend/src/components/CodeView.tsx",
        "fileContent": "import { useState, useEffect } from 'react';\nimport { apiClient } from 'app';\nimport { toast } from 'sonner';\nimport { FileTree } from 'components/FileTree';\nimport { CodeEditor, detectLanguage } from 'components/CodeEditor';\nimport { Loader2, FileCode } from 'lucide-react';\nimport type { ProjectFile } from 'utils/workspaceStore';\n\ninterface Props {\n  projectId: string;\n}\n\n/**\n * Code view component with file tree and Monaco editor\n * Displays project files in a tree structure and allows viewing code\n */\nexport const CodeView = ({ projectId }: Props) => {\n  const [files, setFiles] = useState<ProjectFile[]>([]);\n  const [selectedFileId, setSelectedFileId] = useState<string | null>(null);\n  const [selectedFile, setSelectedFile] = useState<ProjectFile | null>(null);\n  const [loading, setLoading] = useState(true);\n  const [loadingFile, setLoadingFile] = useState(false);\n\n  // Load all files on mount\n  useEffect(() => {\n    loadFiles();\n  }, [projectId]);\n\n  const loadFiles = async () => {\n    try {\n      setLoading(true);\n      const response = await apiClient.read_files({ projectId });\n      const data = await response.json();\n      \n      if (data.success && data.files) {\n        setFiles(data.files);\n        \n        // Auto-select first file if none selected\n        if (data.files.length > 0 && !selectedFileId) {\n          handleFileClick(data.files[0].id);\n        }\n      }\n    } catch (err) {\n      console.error('Failed to load files:', err);\n      toast.error('Failed to load files');\n    } finally {\n      setLoading(false);\n    }\n  };\n\n  const handleFileClick = async (fileId: string) => {\n    try {\n      setLoadingFile(true);\n      setSelectedFileId(fileId);\n      \n      // Find file in current files list\n      const file = files.find(f => f.id === fileId);\n      if (file) {\n        setSelectedFile(file);\n      }\n    } catch (err) {\n      console.error('Failed to load file:', err);\n      toast.error('Failed to load file');\n    } finally {\n      setLoadingFile(false);\n    }\n  };\n\n  if (loading) {\n    return (\n      <div className=\"h-full flex items-center justify-center\">\n        <div className=\"text-center space-y-4\">\n          <Loader2 className=\"w-8 h-8 animate-spin mx-auto text-muted-foreground\" />\n          <p className=\"text-sm text-muted-foreground\">Loading files...</p>\n        </div>\n      </div>\n    );\n  }\n\n  if (files.length === 0) {\n    return (\n      <div className=\"h-full flex items-center justify-center\">\n        <div className=\"text-center space-y-4\">\n          <div className=\"w-16 h-16 mx-auto bg-muted rounded-lg flex items-center justify-center\">\n            <FileCode className=\"w-8 h-8 text-muted-foreground\" />\n          </div>\n          <div>\n            <h3 className=\"text-lg font-medium text-foreground mb-2\">No Code Yet</h3>\n            <p className=\"text-sm text-muted-foreground\">\n              Chat with AI to generate code for your project\n            </p>\n          </div>\n        </div>\n      </div>\n    );\n  }\n\n  return (\n    <div className=\"h-full flex gap-4\">\n      {/* File Tree - Left Sidebar */}\n      <div className=\"w-64 flex-shrink-0\">\n        <FileTree\n          files={files}\n          selectedFileId={selectedFileId}\n          onFileClick={handleFileClick}\n        />\n      </div>\n\n      {/* Code Editor - Main Area */}\n      <div className=\"flex-1 flex flex-col\">\n        {selectedFile ? (\n          <>\n            {/* File Header */}\n            <div className=\"px-4 py-2 bg-card border border-border rounded-t-md flex items-center justify-between\">\n              <span className=\"text-sm font-mono text-muted-foreground\">\n                {selectedFile.file_path}\n              </span>\n              <span className=\"text-xs text-muted-foreground\">\n                {selectedFile.language || detectLanguage(selectedFile.file_path)}\n              </span>\n            </div>\n\n            {/* Editor */}\n            <div className=\"flex-1 rounded-b-md overflow-hidden\">\n              {loadingFile ? (\n                <div className=\"h-full flex items-center justify-center bg-card\">\n                  <Loader2 className=\"w-8 h-8 animate-spin text-muted-foreground\" />\n                </div>\n              ) : (\n                <CodeEditor\n                  code={selectedFile.file_content}\n                  language={selectedFile.language || detectLanguage(selectedFile.file_path)}\n                  readOnly={true}\n                />\n              )}\n            </div>\n          </>\n        ) : (\n          <div className=\"h-full flex items-center justify-center bg-card border border-border rounded-md\">\n            <p className=\"text-sm text-muted-foreground\">\n              Select a file to view its code\n            </p>\n          </div>\n        )}\n      </div>\n    </div>\n  );\n};\n",
        "scriptKindName": "TSX",
        "projectRootPath": "/disk/frontend"
      }
    }
Info 11   [19:33:52.808] Starting updateGraphWorker: Project: /dev/null/inferredProject1*
Info 12   [19:33:53.899] Finishing updateGraphWorker: Project: /dev/null/inferredProject1* Version: 1 structureChanged: true structureIsReused:: Not Elapsed: 1090.1983660012484ms
Info 13   [19:33:53.899] Project '/dev/null/inferredProject1*' (Inferred)
Info 14   [19:33:53.903] 	Files (8)
	/disk/frontend/node_modules/typescript/lib/lib.d.ts
	/disk/frontend/node_modules/typescript/lib/lib.es5.d.ts
	/disk/frontend/node_modules/typescript/lib/lib.dom.d.ts
	/disk/frontend/node_modules/typescript/lib/lib.webworker.importscripts.d.ts
	/disk/frontend/node_modules/typescript/lib/lib.scripthost.d.ts
	/disk/frontend/node_modules/typescript/lib/lib.decorators.d.ts
	/disk/frontend/node_modules/typescript/lib/lib.decorators.legacy.d.ts
	/disk/frontend/src/components/CodeView.tsx


	node_modules/typescript/lib/lib.d.ts
	  Default library for target 'es5'
	node_modules/typescript/lib/lib.es5.d.ts
	  Library referenced via 'es5' from file 'node_modules/typescript/lib/lib.d.ts'
	node_modules/typescript/lib/lib.dom.d.ts
	  Library referenced via 'dom' from file 'node_modules/typescript/lib/lib.d.ts'
	node_modules/typescript/lib/lib.webworker.importscripts.d.ts
	  Library referenced via 'webworker.importscripts' from file 'node_modules/typescript/lib/lib.d.ts'
	node_modules/typescript/lib/lib.scripthost.d.ts
	  Library referenced via 'scripthost' from file 'node_modules/typescript/lib/lib.d.ts'
	node_modules/typescript/lib/lib.decorators.d.ts
	  Library referenced via 'decorators' from file 'node_modules/typescript/lib/lib.es5.d.ts'
	node_modules/typescript/lib/lib.decorators.legacy.d.ts
	  Library referenced via 'decorators.legacy' from file 'node_modules/typescript/lib/lib.es5.d.ts'
	src/components/CodeView.tsx
	  Root file specified for compilation

Info 15   [19:33:53.903] -----------------------------------------------
Info 16   [19:33:53.903] Project '/dev/null/inferredProject1*' (Inferred)
Info 16   [19:33:53.903] 	Files (8)

Info 16   [19:33:53.903] -----------------------------------------------
Info 16   [19:33:53.903] Open files: 
Info 16   [19:33:53.903] 	FileName: /disk/frontend/src/components/CodeView.tsx ProjectRootPath: /disk/frontend
Info 16   [19:33:53.903] 		Projects: /dev/null/inferredProject1*
Perf 16   [19:33:53.904] 1::open: async elapsed time (in milliseconds) 1100.1255
