Info 0    [19:30:49.207] Starting TS Server
Info 1    [19:30:49.207] Version: 5.2.2
Info 2    [19:30:49.207] Arguments: /opt/nvm/versions/node/v20.5.1/bin/node /disk/frontend/node_modules/typescript/lib/tsserver.js --useInferredProjectPerProjectRoot --cancellationPipeName /tmp/2fb40bff74374a1a6327e234682f80b4/tscancellation* --logVerbosity verbose --logFile /disk/frontend/.log/tsserver-log-n4nCWh/tsserver.log --locale en --validateDefaultNpmLocation --useNodeIpc
Info 3    [19:30:49.207] Platform: linux NodeVersion: v20.5.1 CaseSensitive: true
Info 4    [19:30:49.207] ServerMode: undefined hasUnknownServerMode: undefined
Info 5    [19:30:49.213] Binding...
Info 6    [19:30:49.223] request:
    {
      "seq": 0,
      "type": "request",
      "command": "configure",
      "arguments": {
        "hostInfo": "Databutton",
        "formatOptions": {
          "newLineCharacter": "\n"
        },
        "preferences": {
          "allowIncompleteCompletions": true,
          "allowRenameOfImportPath": true,
          "allowTextChangesInNewFiles": true,
          "disableLineTextInReferences": true,
          "disableSuggestions": false,
          "displayPartsForJSDoc": true,
          "excludeLibrarySymbolsInNavTo": true,
          "generateReturnInDocTemplate": true,
          "importModuleSpecifierEnding": "auto",
          "importModuleSpecifierPreference": "shortest",
          "includeAutomaticOptionalChainCompletions": true,
          "includeCompletionsForImportStatements": true,
          "includeCompletionsForModuleExports": true,
          "includeCompletionsWithClassMemberSnippets": true,
          "includeCompletionsWithInsertText": true,
          "includeCompletionsWithObjectLiteralMethodSnippets": true,
          "includeCompletionsWithSnippetText": true,
          "includeInlayEnumMemberValueHints": false,
          "includeInlayFunctionLikeReturnTypeHints": false,
          "includeInlayFunctionParameterTypeHints": false,
          "includeInlayParameterNameHints": "none",
          "includeInlayParameterNameHintsWhenArgumentMatchesName": false,
          "includeInlayPropertyDeclarationTypeHints": false,
          "includeInlayVariableTypeHints": false,
          "includeInlayVariableTypeHintsWhenTypeMatchesName": false,
          "includePackageJsonAutoImports": "auto",
          "interactiveInlayHints": true,
          "jsxAttributeCompletionStyle": "auto",
          "lazyConfiguredProjectsFromExternalProject": false,
          "organizeImportsAccentCollation": true,
          "organizeImportsCaseFirst": false,
          "organizeImportsCollation": "ordinal",
          "organizeImportsCollationLocale": "en",
          "organizeImportsIgnoreCase": "auto",
          "organizeImportsNumericCollation": false,
          "providePrefixAndSuffixTextForRename": true,
          "provideRefactorNotApplicableReason": true,
          "quotePreference": "auto"
        }
      }
    }
Info 7    [19:30:49.223] Host information Databutton
Info 8    [19:30:49.223] Format host information updated
Info 9    [19:30:49.223] response:
    {"seq":0,"type":"response","command":"configure","request_seq":0,"success":true}
Perf 10   [19:30:49.224] 0::configure: async elapsed time (in milliseconds) 5.2002
Info 11   [19:30:49.224] request:
    {
      "seq": 1,
      "type": "request",
      "command": "compilerOptionsForInferredProjects",
      "arguments": {
        "options": {
          "module": "ESNext",
          "moduleResolution": "Node",
          "target": "ES2020",
          "jsx": "React",
          "allowImportingTsExtensions": true,
          "strictNullChecks": true,
          "strictFunctionTypes": true,
          "sourceMap": true,
          "allowJs": true,
          "allowNonTsExtensions": true,
          "allowSyntheticDefaultImports": true,
          "resolveJsonModule": true
        }
      }
    }
Perf 12   [19:30:49.224] 1::compilerOptionsForInferredProjects: elapsed time (in milliseconds) 0.3490
Info 13   [19:30:49.224] response:
    {"seq":0,"type":"response","command":"compilerOptionsForInferredProjects","request_seq":1,"success":true,"body":true}
Info 14   [19:30:49.225] request:
    {
      "seq": 2,
      "type": "request",
      "command": "open",
      "arguments": {
        "file": "/disk/frontend/src/components/CodePreview.tsx",
        "fileContent": "import { Card, CardContent, CardHeader, CardTitle } from '@/components/ui/card';\nimport { Badge } from '@/components/ui/badge';\nimport { FileCode } from 'lucide-react';\nimport { CodeHighlight } from 'components/CodeHighlight';\nimport type { ProjectFile } from 'utils/workspaceStore';\n\ninterface Props {\n  file: ProjectFile | null;\n}\n\n/**\n * Get language for syntax highlighting based on file extension\n */\nconst getLanguageFromPath = (path: string): string => {\n  const ext = path.split('.').pop()?.toLowerCase();\n  const languageMap: Record<string, string> = {\n    ts: 'typescript',\n    tsx: 'typescript',\n    js: 'javascript',\n    jsx: 'javascript',\n    py: 'python',\n    json: 'json',\n    css: 'css',\n    scss: 'scss',\n    html: 'html',\n    md: 'markdown',\n    yaml: 'yaml',\n    yml: 'yaml',\n    sql: 'sql',\n    sh: 'bash',\n  };\n  return languageMap[ext || ''] || 'text';\n};\n\n/**\n * Code preview component\n * Displays file content with syntax highlighting\n */\nexport const CodePreview = ({ file }: Props) => {\n  if (!file) {\n    return (\n      <Card className=\"h-full border-border flex items-center justify-center\">\n        <CardContent className=\"text-center py-8\">\n          <FileCode className=\"h-12 w-12 text-muted-foreground mx-auto mb-4\" />\n          <p className=\"text-sm text-muted-foreground\">\n            Select a file to view its contents\n          </p>\n        </CardContent>\n      </Card>\n    );\n  }\n\n  const language = getLanguageFromPath(file.file_path);\n  const lineCount = file.file_content.split('\\n').length;\n\n  return (\n    <Card className=\"h-full border-border flex flex-col\">\n      <CardHeader className=\"pb-3 border-b border-border\">\n        <div className=\"flex items-center justify-between\">\n          <CardTitle className=\"text-base font-mono\">{file.file_path}</CardTitle>\n          <div className=\"flex items-center gap-2\">\n            <Badge variant=\"outline\" className=\"text-xs\">\n              {language}\n            </Badge>\n            <Badge variant=\"outline\" className=\"text-xs\">\n              v{file.version}\n            </Badge>\n            <Badge variant=\"outline\" className=\"text-xs\">\n              {lineCount} lines\n            </Badge>\n          </div>\n        </div>\n      </CardHeader>\n      <CardContent className=\"flex-1 p-0 overflow-auto\">\n        <div className=\"text-sm\">\n          <CodeHighlight\n            code={file.file_content}\n            language={language}\n            showLineNumbers\n            className=\"m-0 rounded-none\"\n          />\n        </div>\n      </CardContent>\n    </Card>\n  );\n};\n",
        "scriptKindName": "TSX",
        "projectRootPath": "/disk/frontend"
      }
    }
Info 15   [19:30:49.225] Search path: /disk/frontend/src/components
Info 16   [19:30:49.226] For info: /disk/frontend/src/components/CodePreview.tsx :: Config file name: /disk/frontend/tsconfig.json
Info 17   [19:30:49.226] Creating configuration project /disk/frontend/tsconfig.json
Info 18   [19:30:49.231] FileWatcher:: Added:: WatchInfo: /disk/frontend/tsconfig.json 2000 undefined Project: /disk/frontend/tsconfig.json WatchType: Config file
Info 19   [19:30:49.233] event:
    {"seq":0,"type":"event","event":"projectLoadingStart","body":{"projectName":"/disk/frontend/tsconfig.json","reason":"Creating possible configured project for /disk/frontend/src/components/CodePreview.tsx to open"}}
Info 20   [19:30:49.266] Config: /disk/frontend/tsconfig.json : {
 "rootNames": [
  "/disk/frontend/src/AppWrapper.tsx",
  "/disk/frontend/src/constants.ts",
  "/disk/frontend/src/main.tsx",
  "/disk/frontend/src/router.tsx",
  "/disk/frontend/src/user-routes.tsx",
  "/disk/frontend/src/vite-env.d.ts",
  "/disk/frontend/src/apiclient/index.ts",
  "/disk/frontend/src/app/index.ts",
  "/disk/frontend/src/app/auth/LoginRedirect.tsx",
  "/disk/frontend/src/app/auth/StackHandlerRoutes.tsx",
  "/disk/frontend/src/app/auth/UserGuard.tsx",
  "/disk/frontend/src/app/auth/auth.ts",
  "/disk/frontend/src/app/auth/config.ts",
  "/disk/frontend/src/app/auth/index.ts",
  "/disk/frontend/src/app/auth/stack.ts",
  "/disk/frontend/src/app/auth/utils.ts",
  "/disk/frontend/src/brain/index.ts",
  "/disk/frontend/src/components/AppProvider.tsx",
  "/disk/frontend/src/components/ChatHistory.tsx",
  "/disk/frontend/src/components/ChatInput.tsx",
  "/disk/frontend/src/components/ChatMessage.tsx",
  "/disk/frontend/src/components/ChatPanel.tsx",
  "/disk/frontend/src/components/CodeEditor.tsx",
  "/disk/frontend/src/components/CodeHighlight.tsx",
  "/disk/frontend/src/components/CodePreview.tsx",
  "/disk/frontend/src/components/CodeView.tsx",
  "/disk/frontend/src/components/ErrorPanel.tsx",
  "/disk/frontend/src/components/FileTree.tsx",
  "/disk/frontend/src/components/PreviewPanel.tsx",
  "/disk/frontend/src/components/TaskBoard.tsx",
  "/disk/frontend/src/constants/default-theme.ts",
  "/disk/frontend/src/dev-components/Beacon.tsx",
  "/disk/frontend/src/dev-components/DevErrorPage.tsx",
  "/disk/frontend/src/dev-components/InternalErrorBoundary.tsx",
  "/disk/frontend/src/dev-components/UserErrorBoundary.tsx",
  "/disk/frontend/src/extensions/shadcn/components/accordion.tsx",
  "/disk/frontend/src/extensions/shadcn/components/alert-dialog.tsx",
  "/disk/frontend/src/extensions/shadcn/components/alert.tsx",
  "/disk/frontend/src/extensions/shadcn/components/aspect-ratio.tsx",
  "/disk/frontend/src/extensions/shadcn/components/avatar.tsx",
  "/disk/frontend/src/extensions/shadcn/components/badge.tsx",
  "/disk/frontend/src/extensions/shadcn/components/breadcrumb.tsx",
  "/disk/frontend/src/extensions/shadcn/components/button.tsx",
  "/disk/frontend/src/extensions/shadcn/components/calendar.tsx",
  "/disk/frontend/src/extensions/shadcn/components/card.tsx",
  "/disk/frontend/src/extensions/shadcn/components/carousel.tsx",
  "/disk/frontend/src/extensions/shadcn/components/chart.tsx",
  "/disk/frontend/src/extensions/shadcn/components/checkbox.tsx",
  "/disk/frontend/src/extensions/shadcn/components/collapsible.tsx",
  "/disk/frontend/src/extensions/shadcn/components/command.tsx",
  "/disk/frontend/src/extensions/shadcn/components/context-menu.tsx",
  "/disk/frontend/src/extensions/shadcn/components/dialog.tsx",
  "/disk/frontend/src/extensions/shadcn/components/drawer.tsx",
  "/disk/frontend/src/extensions/shadcn/components/dropdown-menu.tsx",
  "/disk/frontend/src/extensions/shadcn/components/form.tsx",
  "/disk/frontend/src/extensions/shadcn/components/hover-card.tsx",
  "/disk/frontend/src/extensions/shadcn/components/input-otp.tsx",
  "/disk/frontend/src/extensions/shadcn/components/input.tsx",
  "/disk/frontend/src/extensions/shadcn/components/label.tsx",
  "/disk/frontend/src/extensions/shadcn/components/menubar.tsx",
  "/disk/frontend/src/extensions/shadcn/components/navigation-menu.tsx",
  "/disk/frontend/src/extensions/shadcn/components/pagination.tsx",
  "/disk/frontend/src/extensions/shadcn/components/popover.tsx",
  "/disk/frontend/src/extensions/shadcn/components/progress.tsx",
  "/disk/frontend/src/extensions/shadcn/components/radio-group.tsx",
  "/disk/frontend/src/extensions/shadcn/components/resizable.tsx",
  "/disk/frontend/src/extensions/shadcn/components/scroll-area.tsx",
  "/disk/frontend/src/extensions/shadcn/components/select.tsx",
  "/disk/frontend/src/extensions/shadcn/components/separator.tsx",
  "/disk/frontend/src/extensions/shadcn/components/sheet.tsx",
  "/disk/frontend/src/extensions/shadcn/components/skeleton.tsx",
  "/disk/frontend/src/extensions/shadcn/components/slider.tsx",
  "/disk/frontend/src/extensions/shadcn/components/sonner.tsx",
  "/disk/frontend/src/extensions/shadcn/components/switch.tsx",
  "/disk/frontend/src/extensions/shadcn/components/table.tsx",
  "/disk/frontend/src/extensions/shadcn/components/tabs.tsx",
  "/disk/frontend/src/extensions/shadcn/components/textarea.tsx",
  "/disk/frontend/src/extensions/shadcn/components/toast.tsx",
  "/disk/frontend/src/extensions/shadcn/components/toaster.tsx",
  "/disk/frontend/src/extensions/shadcn/components/toggle-group.tsx",
  "/disk/frontend/src/extensions/shadcn/components/toggle.tsx",
  "/disk/frontend/src/extensions/shadcn/components/tooltip.tsx",
  "/disk/frontend/src/extensions/shadcn/hooks/use-theme.ts",
  "/disk/frontend/src/extensions/shadcn/hooks/use-toast.ts",
  "/disk/frontend/src/internal-components/DevTools.tsx",
  "/disk/frontend/src/internal-components/Head.tsx",
  "/disk/frontend/src/internal-components/ThemeProvider.tsx",
  "/disk/frontend/src/internal-hooks/useBeacon.ts",
  "/disk/frontend/src/internal-hooks/useHMR.ts",
  "/disk/frontend/src/internal-hooks/usePageChangeListener.ts",
  "/disk/frontend/src/internal-utils/app-utils.ts",
  "/disk/frontend/src/internal-utils/cloning-utils.ts",
  "/disk/frontend/src/internal-utils/iframe-utils.ts",
  "/disk/frontend/src/layout/Cell.tsx",
  "/disk/frontend/src/layout/Grid.tsx",
  "/disk/frontend/src/lib/utils.ts",
  "/disk/frontend/src/pages/AIChatWorkspace.tsx",
  "/disk/frontend/src/pages/App.tsx",
  "/disk/frontend/src/pages/NotFoundPage.tsx",
  "/disk/frontend/src/pages/Projects.tsx",
  "/disk/frontend/src/pages/SomethingWentWrongPage.tsx",
  "/disk/frontend/src/pages/TestAgentTools.tsx",
  "/disk/frontend/src/pages/TestPreviewBuild.tsx",
  "/disk/frontend/src/pages/brain.ts",
  "/disk/frontend/src/polyfills/react-polyfill.ts",
  "/disk/frontend/src/prod-components/OuterErrorBoundary.tsx",
  "/disk/frontend/src/prod-components/ProdErrorPage.tsx",
  "/disk/frontend/src/prod-components/SuspenseWrapper.tsx",
  "/disk/frontend/src/utils/cn.ts",
  "/disk/frontend/src/utils/workspaceStore.ts"
 ],
 "options": {
  "target": 99,
  "useDefineForClassFields": true,
  "lib": [
   "lib.dom.d.ts",
   "lib.dom.iterable.d.ts",
   "lib.esnext.d.ts"
  ],
  "allowJs": true,
  "skipLibCheck": true,
  "esModuleInterop": false,
  "allowSyntheticDefaultImports": true,
  "allowImportingTsExtensions": true,
  "strict": false,
  "forceConsistentCasingInFileNames": true,
  "module": 99,
  "moduleResolution": 2,
  "resolveJsonModule": true,
  "isolatedModules": false,
  "noEmit": true,
  "jsx": 4,
  "baseUrl": "/disk/frontend",
  "paths": {
   "brain": [
    "./src/brain"
   ],
   "types": [
    "./src/apiclient/data-contracts.ts"
   ],
   "components/*": [
    "./src/components/*"
   ],
   "pages/*": [
    "./src/pages/*"
   ],
   "app": [
    "./src/app"
   ],
   "app/auth": [
    "./src/app/auth"
   ],
   "utils/*": [
    "./src/utils/*"
   ],
   "@/*": [
    "./src/*"
   ],
   "@/hooks/*": [
    "./src/extensions/shadcn/hooks/*"
   ],
   "@/components/hooks/*": [
    "./src/extensions/shadcn/hooks/*"
   ],
   "@/components/ui/*": [
    "./src/extensions/shadcn/components/*"
   ]
  },
  "pathsBasePath": "/disk/frontend",
  "configFilePath": "/disk/frontend/tsconfig.json"
 },
 "projectReferences": [
  {
   "path": "/disk/frontend/tsconfig.node.json",
   "originalPath": "./tsconfig.node.json"
  }
 ]
}
Info 21   [19:30:49.271] DirectoryWatcher:: Added:: WatchInfo: /disk/frontend/src 1 undefined Config: /disk/frontend/tsconfig.json WatchType: Wild card directory
Info 22   [19:30:49.278] Elapsed:: 6.58415899798274ms DirectoryWatcher:: Added:: WatchInfo: /disk/frontend/src 1 undefined Config: /disk/frontend/tsconfig.json WatchType: Wild card directory
Info 23   [19:30:49.280] FileWatcher:: Added:: WatchInfo: /disk/frontend/src/AppWrapper.tsx 500 undefined WatchType: Closed Script info
Info 24   [19:30:49.280] FileWatcher:: Added:: WatchInfo: /disk/frontend/src/constants.ts 500 undefined WatchType: Closed Script info
Info 25   [19:30:49.280] FileWatcher:: Added:: WatchInfo: /disk/frontend/src/main.tsx 500 undefined WatchType: Closed Script info
Info 26   [19:30:49.280] FileWatcher:: Added:: WatchInfo: /disk/frontend/src/router.tsx 500 undefined WatchType: Closed Script info
Info 27   [19:30:49.281] FileWatcher:: Added:: WatchInfo: /disk/frontend/src/user-routes.tsx 500 undefined WatchType: Closed Script info
Info 28   [19:30:49.281] FileWatcher:: Added:: WatchInfo: /disk/frontend/src/vite-env.d.ts 500 undefined WatchType: Closed Script info
Info 29   [19:30:49.281] FileWatcher:: Added:: WatchInfo: /disk/frontend/src/apiclient/index.ts 500 undefined WatchType: Closed Script info
Info 30   [19:30:49.281] FileWatcher:: Added:: WatchInfo: /disk/frontend/src/app/index.ts 500 undefined WatchType: Closed Script info
Info 31   [19:30:49.281] FileWatcher:: Added:: WatchInfo: /disk/frontend/src/app/auth/LoginRedirect.tsx 500 undefined WatchType: Closed Script info
Info 32   [19:30:49.281] FileWatcher:: Added:: WatchInfo: /disk/frontend/src/app/auth/StackHandlerRoutes.tsx 500 undefined WatchType: Closed Script info
Info 33   [19:30:49.284] FileWatcher:: Added:: WatchInfo: /disk/frontend/src/app/auth/UserGuard.tsx 500 undefined WatchType: Closed Script info
Info 34   [19:30:49.284] FileWatcher:: Added:: WatchInfo: /disk/frontend/src/app/auth/auth.ts 500 undefined WatchType: Closed Script info
Info 35   [19:30:49.285] FileWatcher:: Added:: WatchInfo: /disk/frontend/src/app/auth/config.ts 500 undefined WatchType: Closed Script info
Info 36   [19:30:49.288] FileWatcher:: Added:: WatchInfo: /disk/frontend/src/app/auth/index.ts 500 undefined WatchType: Closed Script info
Info 37   [19:30:49.288] FileWatcher:: Added:: WatchInfo: /disk/frontend/src/app/auth/stack.ts 500 undefined WatchType: Closed Script info
Info 38   [19:30:49.288] FileWatcher:: Added:: WatchInfo: /disk/frontend/src/app/auth/utils.ts 500 undefined WatchType: Closed Script info
Info 39   [19:30:49.288] FileWatcher:: Added:: WatchInfo: /disk/frontend/src/brain/index.ts 500 undefined WatchType: Closed Script info
Info 40   [19:30:49.288] FileWatcher:: Added:: WatchInfo: /disk/frontend/src/components/AppProvider.tsx 500 undefined WatchType: Closed Script info
Info 41   [19:30:49.289] FileWatcher:: Added:: WatchInfo: /disk/frontend/src/components/ChatHistory.tsx 500 undefined WatchType: Closed Script info
Info 42   [19:30:49.289] FileWatcher:: Added:: WatchInfo: /disk/frontend/src/components/ChatInput.tsx 500 undefined WatchType: Closed Script info
Info 43   [19:30:49.289] FileWatcher:: Added:: WatchInfo: /disk/frontend/src/components/ChatMessage.tsx 500 undefined WatchType: Closed Script info
Info 44   [19:30:49.289] FileWatcher:: Added:: WatchInfo: /disk/frontend/src/components/ChatPanel.tsx 500 undefined WatchType: Closed Script info
Info 45   [19:30:49.291] FileWatcher:: Added:: WatchInfo: /disk/frontend/src/components/CodeEditor.tsx 500 undefined WatchType: Closed Script info
Info 46   [19:30:49.291] FileWatcher:: Added:: WatchInfo: /disk/frontend/src/components/CodeHighlight.tsx 500 undefined WatchType: Closed Script info
Info 47   [19:30:49.291] FileWatcher:: Added:: WatchInfo: /disk/frontend/src/components/CodeView.tsx 500 undefined WatchType: Closed Script info
Info 48   [19:30:49.291] FileWatcher:: Added:: WatchInfo: /disk/frontend/src/components/ErrorPanel.tsx 500 undefined WatchType: Closed Script info
Info 49   [19:30:49.291] FileWatcher:: Added:: WatchInfo: /disk/frontend/src/components/FileTree.tsx 500 undefined WatchType: Closed Script info
Info 50   [19:30:49.291] FileWatcher:: Added:: WatchInfo: /disk/frontend/src/components/PreviewPanel.tsx 500 undefined WatchType: Closed Script info
Info 51   [19:30:49.291] FileWatcher:: Added:: WatchInfo: /disk/frontend/src/components/TaskBoard.tsx 500 undefined WatchType: Closed Script info
Info 52   [19:30:49.292] FileWatcher:: Added:: WatchInfo: /disk/frontend/src/constants/default-theme.ts 500 undefined WatchType: Closed Script info
Info 53   [19:30:49.292] FileWatcher:: Added:: WatchInfo: /disk/frontend/src/dev-components/Beacon.tsx 500 undefined WatchType: Closed Script info
Info 54   [19:30:49.292] FileWatcher:: Added:: WatchInfo: /disk/frontend/src/dev-components/DevErrorPage.tsx 500 undefined WatchType: Closed Script info
Info 55   [19:30:49.292] FileWatcher:: Added:: WatchInfo: /disk/frontend/src/dev-components/InternalErrorBoundary.tsx 500 undefined WatchType: Closed Script info
Info 56   [19:30:49.292] FileWatcher:: Added:: WatchInfo: /disk/frontend/src/dev-components/UserErrorBoundary.tsx 500 undefined WatchType: Closed Script info
Info 57   [19:30:49.292] FileWatcher:: Added:: WatchInfo: /disk/frontend/src/extensions/shadcn/components/accordion.tsx 500 undefined WatchType: Closed Script info
Info 58   [19:30:49.292] FileWatcher:: Added:: WatchInfo: /disk/frontend/src/extensions/shadcn/components/alert-dialog.tsx 500 undefined WatchType: Closed Script info
Info 59   [19:30:49.292] FileWatcher:: Added:: WatchInfo: /disk/frontend/src/extensions/shadcn/components/alert.tsx 500 undefined WatchType: Closed Script info
Info 60   [19:30:49.292] FileWatcher:: Added:: WatchInfo: /disk/frontend/src/extensions/shadcn/components/aspect-ratio.tsx 500 undefined WatchType: Closed Script info
Info 61   [19:30:49.292] FileWatcher:: Added:: WatchInfo: /disk/frontend/src/extensions/shadcn/components/avatar.tsx 500 undefined WatchType: Closed Script info
Info 62   [19:30:49.292] FileWatcher:: Added:: WatchInfo: /disk/frontend/src/extensions/shadcn/components/badge.tsx 500 undefined WatchType: Closed Script info
Info 63   [19:30:49.292] FileWatcher:: Added:: WatchInfo: /disk/frontend/src/extensions/shadcn/components/breadcrumb.tsx 500 undefined WatchType: Closed Script info
Info 64   [19:30:49.292] FileWatcher:: Added:: WatchInfo: /disk/frontend/src/extensions/shadcn/components/button.tsx 500 undefined WatchType: Closed Script info
Info 65   [19:30:49.293] FileWatcher:: Added:: WatchInfo: /disk/frontend/src/extensions/shadcn/components/calendar.tsx 500 undefined WatchType: Closed Script info
Info 66   [19:30:49.298] FileWatcher:: Added:: WatchInfo: /disk/frontend/src/extensions/shadcn/components/card.tsx 500 undefined WatchType: Closed Script info
Info 67   [19:30:49.298] FileWatcher:: Added:: WatchInfo: /disk/frontend/src/extensions/shadcn/components/carousel.tsx 500 undefined WatchType: Closed Script info
Info 68   [19:30:49.298] FileWatcher:: Added:: WatchInfo: /disk/frontend/src/extensions/shadcn/components/chart.tsx 500 undefined WatchType: Closed Script info
Info 69   [19:30:49.298] FileWatcher:: Added:: WatchInfo: /disk/frontend/src/extensions/shadcn/components/checkbox.tsx 500 undefined WatchType: Closed Script info
Info 70   [19:30:49.298] FileWatcher:: Added:: WatchInfo: /disk/frontend/src/extensions/shadcn/components/collapsible.tsx 500 undefined WatchType: Closed Script info
Info 71   [19:30:49.298] FileWatcher:: Added:: WatchInfo: /disk/frontend/src/extensions/shadcn/components/command.tsx 500 undefined WatchType: Closed Script info
Info 72   [19:30:49.298] FileWatcher:: Added:: WatchInfo: /disk/frontend/src/extensions/shadcn/components/context-menu.tsx 500 undefined WatchType: Closed Script info
Info 73   [19:30:49.298] FileWatcher:: Added:: WatchInfo: /disk/frontend/src/extensions/shadcn/components/dialog.tsx 500 undefined WatchType: Closed Script info
Info 74   [19:30:49.298] FileWatcher:: Added:: WatchInfo: /disk/frontend/src/extensions/shadcn/components/drawer.tsx 500 undefined WatchType: Closed Script info
Info 75   [19:30:49.299] FileWatcher:: Added:: WatchInfo: /disk/frontend/src/extensions/shadcn/components/dropdown-menu.tsx 500 undefined WatchType: Closed Script info
Info 76   [19:30:49.299] FileWatcher:: Added:: WatchInfo: /disk/frontend/src/extensions/shadcn/components/form.tsx 500 undefined WatchType: Closed Script info
Info 77   [19:30:49.299] FileWatcher:: Added:: WatchInfo: /disk/frontend/src/extensions/shadcn/components/hover-card.tsx 500 undefined WatchType: Closed Script info
Info 78   [19:30:49.299] FileWatcher:: Added:: WatchInfo: /disk/frontend/src/extensions/shadcn/components/input-otp.tsx 500 undefined WatchType: Closed Script info
Info 79   [19:30:49.299] FileWatcher:: Added:: WatchInfo: /disk/frontend/src/extensions/shadcn/components/input.tsx 500 undefined WatchType: Closed Script info
Info 80   [19:30:49.299] FileWatcher:: Added:: WatchInfo: /disk/frontend/src/extensions/shadcn/components/label.tsx 500 undefined WatchType: Closed Script info
Info 81   [19:30:49.299] FileWatcher:: Added:: WatchInfo: /disk/frontend/src/extensions/shadcn/components/menubar.tsx 500 undefined WatchType: Closed Script info
Info 82   [19:30:49.299] FileWatcher:: Added:: WatchInfo: /disk/frontend/src/extensions/shadcn/components/navigation-menu.tsx 500 undefined WatchType: Closed Script info
Info 83   [19:30:49.302] FileWatcher:: Added:: WatchInfo: /disk/frontend/src/extensions/shadcn/components/pagination.tsx 500 undefined WatchType: Closed Script info
Info 84   [19:30:49.302] FileWatcher:: Added:: WatchInfo: /disk/frontend/src/extensions/shadcn/components/popover.tsx 500 undefined WatchType: Closed Script info
Info 85   [19:30:49.303] FileWatcher:: Added:: WatchInfo: /disk/frontend/src/extensions/shadcn/components/progress.tsx 500 undefined WatchType: Closed Script info
Info 86   [19:30:49.303] FileWatcher:: Added:: WatchInfo: /disk/frontend/src/extensions/shadcn/components/radio-group.tsx 500 undefined WatchType: Closed Script info
Info 87   [19:30:49.303] FileWatcher:: Added:: WatchInfo: /disk/frontend/src/extensions/shadcn/components/resizable.tsx 500 undefined WatchType: Closed Script info
Info 88   [19:30:49.307] FileWatcher:: Added:: WatchInfo: /disk/frontend/src/extensions/shadcn/components/scroll-area.tsx 500 undefined WatchType: Closed Script info
Info 89   [19:30:49.307] FileWatcher:: Added:: WatchInfo: /disk/frontend/src/extensions/shadcn/components/select.tsx 500 undefined WatchType: Closed Script info
Info 90   [19:30:49.307] FileWatcher:: Added:: WatchInfo: /disk/frontend/src/extensions/shadcn/components/separator.tsx 500 undefined WatchType: Closed Script info
Info 91   [19:30:49.307] FileWatcher:: Added:: WatchInfo: /disk/frontend/src/extensions/shadcn/components/sheet.tsx 500 undefined WatchType: Closed Script info
Info 92   [19:30:49.307] FileWatcher:: Added:: WatchInfo: /disk/frontend/src/extensions/shadcn/components/skeleton.tsx 500 undefined WatchType: Closed Script info
Info 93   [19:30:49.307] FileWatcher:: Added:: WatchInfo: /disk/frontend/src/extensions/shadcn/components/slider.tsx 500 undefined WatchType: Closed Script info
Info 94   [19:30:49.307] FileWatcher:: Added:: WatchInfo: /disk/frontend/src/extensions/shadcn/components/sonner.tsx 500 undefined WatchType: Closed Script info
Info 95   [19:30:49.307] FileWatcher:: Added:: WatchInfo: /disk/frontend/src/extensions/shadcn/components/switch.tsx 500 undefined WatchType: Closed Script info
Info 96   [19:30:49.307] FileWatcher:: Added:: WatchInfo: /disk/frontend/src/extensions/shadcn/components/table.tsx 500 undefined WatchType: Closed Script info
Info 97   [19:30:49.307] FileWatcher:: Added:: WatchInfo: /disk/frontend/src/extensions/shadcn/components/tabs.tsx 500 undefined WatchType: Closed Script info
Info 98   [19:30:49.308] FileWatcher:: Added:: WatchInfo: /disk/frontend/src/extensions/shadcn/components/textarea.tsx 500 undefined WatchType: Closed Script info
Info 99   [19:30:49.308] FileWatcher:: Added:: WatchInfo: /disk/frontend/src/extensions/shadcn/components/toast.tsx 500 undefined WatchType: Closed Script info
Info 100  [19:30:49.308] FileWatcher:: Added:: WatchInfo: /disk/frontend/src/extensions/shadcn/components/toaster.tsx 500 undefined WatchType: Closed Script info
Info 101  [19:30:49.308] FileWatcher:: Added:: WatchInfo: /disk/frontend/src/extensions/shadcn/components/toggle-group.tsx 500 undefined WatchType: Closed Script info
Info 102  [19:30:49.308] FileWatcher:: Added:: WatchInfo: /disk/frontend/src/extensions/shadcn/components/toggle.tsx 500 undefined WatchType: Closed Script info
Info 103  [19:30:49.308] FileWatcher:: Added:: WatchInfo: /disk/frontend/src/extensions/shadcn/components/tooltip.tsx 500 undefined WatchType: Closed Script info
Info 104  [19:30:49.308] FileWatcher:: Added:: WatchInfo: /disk/frontend/src/extensions/shadcn/hooks/use-theme.ts 500 undefined WatchType: Closed Script info
Info 105  [19:30:49.308] FileWatcher:: Added:: WatchInfo: /disk/frontend/src/extensions/shadcn/hooks/use-toast.ts 500 undefined WatchType: Closed Script info
Info 106  [19:30:49.308] FileWatcher:: Added:: WatchInfo: /disk/frontend/src/internal-components/DevTools.tsx 500 undefined WatchType: Closed Script info
Info 107  [19:30:49.308] FileWatcher:: Added:: WatchInfo: /disk/frontend/src/internal-components/Head.tsx 500 undefined WatchType: Closed Script info
Info 108  [19:30:49.308] FileWatcher:: Added:: WatchInfo: /disk/frontend/src/internal-components/ThemeProvider.tsx 500 undefined WatchType: Closed Script info
Info 109  [19:30:49.308] FileWatcher:: Added:: WatchInfo: /disk/frontend/src/internal-hooks/useBeacon.ts 500 undefined WatchType: Closed Script info
Info 110  [19:30:49.308] FileWatcher:: Added:: WatchInfo: /disk/frontend/src/internal-hooks/useHMR.ts 500 undefined WatchType: Closed Script info
Info 111  [19:30:49.308] FileWatcher:: Added:: WatchInfo: /disk/frontend/src/internal-hooks/usePageChangeListener.ts 500 undefined WatchType: Closed Script info
Info 112  [19:30:49.309] FileWatcher:: Added:: WatchInfo: /disk/frontend/src/internal-utils/app-utils.ts 500 undefined WatchType: Closed Script info
Info 113  [19:30:49.309] FileWatcher:: Added:: WatchInfo: /disk/frontend/src/internal-utils/cloning-utils.ts 500 undefined WatchType: Closed Script info
Info 114  [19:30:49.309] FileWatcher:: Added:: WatchInfo: /disk/frontend/src/internal-utils/iframe-utils.ts 500 undefined WatchType: Closed Script info
Info 115  [19:30:49.309] FileWatcher:: Added:: WatchInfo: /disk/frontend/src/layout/Cell.tsx 500 undefined WatchType: Closed Script info
Info 116  [19:30:49.309] FileWatcher:: Added:: WatchInfo: /disk/frontend/src/layout/Grid.tsx 500 undefined WatchType: Closed Script info
Info 117  [19:30:49.309] FileWatcher:: Added:: WatchInfo: /disk/frontend/src/lib/utils.ts 500 undefined WatchType: Closed Script info
Info 118  [19:30:49.309] FileWatcher:: Added:: WatchInfo: /disk/frontend/src/pages/AIChatWorkspace.tsx 500 undefined WatchType: Closed Script info
Info 119  [19:30:49.309] FileWatcher:: Added:: WatchInfo: /disk/frontend/src/pages/App.tsx 500 undefined WatchType: Closed Script info
Info 120  [19:30:49.309] FileWatcher:: Added:: WatchInfo: /disk/frontend/src/pages/NotFoundPage.tsx 500 undefined WatchType: Closed Script info
Info 121  [19:30:49.309] FileWatcher:: Added:: WatchInfo: /disk/frontend/src/pages/Projects.tsx 500 undefined WatchType: Closed Script info
Info 122  [19:30:49.309] FileWatcher:: Added:: WatchInfo: /disk/frontend/src/pages/SomethingWentWrongPage.tsx 500 undefined WatchType: Closed Script info
Info 123  [19:30:49.309] FileWatcher:: Added:: WatchInfo: /disk/frontend/src/pages/TestAgentTools.tsx 500 undefined WatchType: Closed Script info
Info 124  [19:30:49.309] FileWatcher:: Added:: WatchInfo: /disk/frontend/src/pages/TestPreviewBuild.tsx 500 undefined WatchType: Closed Script info
Info 125  [19:30:49.309] FileWatcher:: Added:: WatchInfo: /disk/frontend/src/pages/brain.ts 500 undefined WatchType: Closed Script info
Info 126  [19:30:49.309] FileWatcher:: Added:: WatchInfo: /disk/frontend/src/polyfills/react-polyfill.ts 500 undefined WatchType: Closed Script info
Info 127  [19:30:49.310] FileWatcher:: Added:: WatchInfo: /disk/frontend/src/prod-components/OuterErrorBoundary.tsx 500 undefined WatchType: Closed Script info
Info 128  [19:30:49.310] FileWatcher:: Added:: WatchInfo: /disk/frontend/src/prod-components/ProdErrorPage.tsx 500 undefined WatchType: Closed Script info
Info 129  [19:30:49.310] FileWatcher:: Added:: WatchInfo: /disk/frontend/src/prod-components/SuspenseWrapper.tsx 500 undefined WatchType: Closed Script info
Info 130  [19:30:49.310] FileWatcher:: Added:: WatchInfo: /disk/frontend/src/utils/cn.ts 500 undefined WatchType: Closed Script info
Info 131  [19:30:49.310] FileWatcher:: Added:: WatchInfo: /disk/frontend/src/utils/workspaceStore.ts 500 undefined WatchType: Closed Script info
Info 132  [19:30:49.382] Starting updateGraphWorker: Project: /disk/frontend/tsconfig.json
Info 133  [19:30:49.403] Config: /disk/frontend/tsconfig.node.json : {
 "rootNames": [
  "/disk/frontend/vite.config.ts",
  "/disk/frontend/server/component-tagger-plugin.ts",
  "/disk/frontend/server/extensions.ts",
  "/disk/frontend/server/hotreload-tracker.ts",
  "/disk/frontend/server/logger.ts",
  "/disk/frontend/server/openapi-spec-handler.ts",
  "/disk/frontend/server/peek-command.ts",
  "/disk/frontend/server/peek.ts",
  "/disk/frontend/server/run-diagnostics.ts",
  "/disk/frontend/server/try-tsc-handler.ts",
  "/disk/frontend/server/utils.ts"
 ],
 "options": {
  "composite": true,
  "target": 99,
  "strict": true,
  "module": 99,
  "allowSyntheticDefaultImports": true,
  "moduleResolution": 2,
  "configFilePath": "/disk/frontend/tsconfig.node.json"
 }
}
Info 134  [19:30:49.403] FileWatcher:: Added:: WatchInfo: /disk/frontend/tsconfig.node.json 2000 undefined Project: /disk/frontend/tsconfig.json WatchType: Config file
Info 135  [19:30:49.403] DirectoryWatcher:: Added:: WatchInfo: /disk/frontend/server 1 undefined Config: /disk/frontend/tsconfig.node.json WatchType: Wild card directory
Info 136  [19:30:49.403] Elapsed:: 0.13444200158119202ms DirectoryWatcher:: Added:: WatchInfo: /disk/frontend/server 1 undefined Config: /disk/frontend/tsconfig.node.json WatchType: Wild card directory
Info 137  [19:30:49.457] DirectoryWatcher:: Added:: WatchInfo: /disk/frontend/src 1 undefined Project: /disk/frontend/tsconfig.json WatchType: Failed Lookup Locations
Info 138  [19:30:49.457] Elapsed:: 0.015950001776218414ms DirectoryWatcher:: Added:: WatchInfo: /disk/frontend/src 1 undefined Project: /disk/frontend/tsconfig.json WatchType: Failed Lookup Locations
Info 139  [19:30:49.465] DirectoryWatcher:: Added:: WatchInfo: /disk/frontend/node_modules 1 undefined WatchType: node_modules for closed script infos and package.jsons affecting module specifier cache
